<?xml version="1.0" encoding="UTF-8"?>
<!-- Generated by org.testng.reporters.JUnitReportReporter -->
<testsuite hostname="RK" failures="0" tests="4" name="com.example.test.LoginTest" time="6.350" errors="0" timestamp="2023-05-10T14:26:34 IST" skipped="0">
  <testcase classname="com.example.test.LoginTest" name="navigate" time="2.640"/>
  <system-out/>
  <testcase classname="com.example.test.LoginTest" name="validate_Login" time="1.633"/>
  <system-out/>
  <testcase classname="com.example.test.LoginTest" name="validate_Dashboard_url" time="2.020"/>
  <system-out/>
  <testcase classname="com.example.test.LoginTest" name="validate_Dashboard" time="0.057"/>
  <system-out/>
</testsuite> <!-- com.example.test.LoginTest -->
