<?xml version="1.0" encoding="UTF-8"?>
<!-- Generated by org.testng.reporters.JUnitReportReporter -->
<testsuite hostname="RK" failures="0" tests="3" name="com.example.test.NavigateHome" time="7.073" errors="0" timestamp="2023-05-10T14:26:34 IST" skipped="0">
  <testcase classname="com.example.test.NavigateHome" name="verify_Title" time="0.022"/>
  <system-out/>
  <testcase classname="com.example.test.NavigateHome" name="verify_URL" time="0.016"/>
  <system-out/>
  <testcase classname="com.example.test.NavigateHome" name="navigate" time="7.035"/>
  <system-out/>
</testsuite> <!-- com.example.test.NavigateHome -->
